app/build/intermediates/manifest_merge_blame_file/debug/processDebugMainManifest/manifest-merger-blame-debug-report.txt
1<?xml version="1.0" encoding="utf-8"?>
2<manifest xmlns:android="http://schemas.android.com/apk/res/android"
3    package="com.example.androidWebViewOfflineApplication"
4    android:versionCode="1"
5    android:versionName="1.0" >
6
7    <uses-sdk
8        android:minSdkVersion="23"
9        android:targetSdkVersion="34" />
10
11    <!-- =================== ADDITION 1: PERMISSIONS =================== -->
12    <!-- Allows the app to schedule precise alarms that fire at an exact time. This is critical for our alarm functionality. -->
13    <uses-permission android:name="android.permission.USE_FULL_SCREEN_INTENT" />
13-->src/main/AndroidManifest.xml:7:5-81
13-->src/main/AndroidManifest.xml:7:22-78
14    <uses-permission android:name="android.permission.SCHEDULE_EXACT_ALARM" />
14-->src/main/AndroidManifest.xml:8:5-79
14-->src/main/AndroidManifest.xml:8:22-76
15    <uses-permission android:name="android.permission.SYSTEM_ALERT_WINDOW" />
15-->src/main/AndroidManifest.xml:9:5-78
15-->src/main/AndroidManifest.xml:9:22-75
16    <!-- Required on Android 13 (API 33) and higher to show any kind of notification. -->
17    <uses-permission android:name="android.permission.POST_NOTIFICATIONS" />
17-->src/main/AndroidManifest.xml:11:5-76
17-->src/main/AndroidManifest.xml:11:22-74
18
19    <permission
19-->[androidx.core:core:1.13.1] AndroidManifest.xml:22:5-24:47
20        android:name="com.example.androidWebViewOfflineApplication.DYNAMIC_RECEIVER_NOT_EXPORTED_PERMISSION"
20-->[androidx.core:core:1.13.1] AndroidManifest.xml:23:9-81
21        android:protectionLevel="signature" />
21-->[androidx.core:core:1.13.1] AndroidManifest.xml:24:9-44
22
23    <uses-permission android:name="com.example.androidWebViewOfflineApplication.DYNAMIC_RECEIVER_NOT_EXPORTED_PERMISSION" /> <!-- =============================================================== -->
23-->[androidx.core:core:1.13.1] AndroidManifest.xml:26:5-97
23-->[androidx.core:core:1.13.1] AndroidManifest.xml:26:22-94
24    <application
24-->src/main/AndroidManifest.xml:14:5-59:19
25        android:allowBackup="true"
25-->src/main/AndroidManifest.xml:15:9-35
26        android:appComponentFactory="androidx.core.app.CoreComponentFactory"
26-->[androidx.core:core:1.13.1] AndroidManifest.xml:28:18-86
27        android:dataExtractionRules="@xml/data_extraction_rules"
27-->src/main/AndroidManifest.xml:16:9-65
28        android:debuggable="true"
29        android:extractNativeLibs="false"
30        android:fullBackupContent="@xml/backup_rules"
30-->src/main/AndroidManifest.xml:17:9-54
31        android:icon="@mipmap/ic_launcher"
31-->src/main/AndroidManifest.xml:18:9-43
32        android:label="@string/app_name"
32-->src/main/AndroidManifest.xml:19:9-41
33        android:roundIcon="@mipmap/ic_launcher_round"
33-->src/main/AndroidManifest.xml:20:9-54
34        android:supportsRtl="true"
34-->src/main/AndroidManifest.xml:21:9-35
35        android:theme="@style/Theme.androidWebViewOfflineApplication" >
35-->src/main/AndroidManifest.xml:22:9-70
36        <activity
36-->src/main/AndroidManifest.xml:24:9-32:20
37            android:name="com.example.androidWebViewOfflineApplication.MainActivity"
37-->src/main/AndroidManifest.xml:25:13-41
38            android:exported="true"
38-->src/main/AndroidManifest.xml:26:13-36
39            android:theme="@style/Theme.App.Starting" > <!-- CHANGE THIS LINE -->
39-->src/main/AndroidManifest.xml:27:13-54
40            <intent-filter>
40-->src/main/AndroidManifest.xml:28:13-31:29
41                <action android:name="android.intent.action.MAIN" />
41-->src/main/AndroidManifest.xml:29:17-69
41-->src/main/AndroidManifest.xml:29:25-66
42
43                <category android:name="android.intent.category.LAUNCHER" />
43-->src/main/AndroidManifest.xml:30:17-77
43-->src/main/AndroidManifest.xml:30:27-74
44            </intent-filter>
45        </activity>
46
47        <!-- ============ ADDITION 2: RECEIVER DECLARATION ============= -->
48        <!--
49             This registers the AlarmReceiver with the Android system.
50             - enabled="true": The receiver is active.
51             - exported="false": The receiver cannot be triggered by other apps, only by our own app's AlarmManager. This is a security best practice.
52        -->
53        <receiver
53-->src/main/AndroidManifest.xml:39:9-42:40
54            android:name="com.example.androidWebViewOfflineApplication.AlarmReceiver"
54-->src/main/AndroidManifest.xml:40:13-42
55            android:enabled="true"
55-->src/main/AndroidManifest.xml:41:13-35
56            android:exported="false" />
56-->src/main/AndroidManifest.xml:42:13-37
57
58        <!-- ... inside your <application> tag ... -->
59
60        <activity
60-->src/main/AndroidManifest.xml:46:9-51:43
61            android:name="com.example.androidWebViewOfflineApplication.AlarmActivity"
61-->src/main/AndroidManifest.xml:47:13-42
62            android:exported="false"
62-->src/main/AndroidManifest.xml:48:13-37
63            android:launchMode="singleInstance"
63-->src/main/AndroidManifest.xml:49:13-48
64            android:showOnLockScreen="true"
64-->src/main/AndroidManifest.xml:50:13-44
65            android:turnScreenOn="true" />
65-->src/main/AndroidManifest.xml:51:13-40
66
67        <receiver
67-->src/main/AndroidManifest.xml:39:9-42:40
68            android:name="com.example.androidWebViewOfflineApplication.AlarmReceiver"
68-->src/main/AndroidManifest.xml:40:13-42
69            android:enabled="true"
69-->src/main/AndroidManifest.xml:41:13-35
70            android:exported="false" />
70-->src/main/AndroidManifest.xml:42:13-37
71        <!-- =============================================================== -->
72
73        <activity
73-->[androidx.compose.ui:ui-tooling-android:1.7.0] AndroidManifest.xml:23:9-25:39
74            android:name="androidx.compose.ui.tooling.PreviewActivity"
74-->[androidx.compose.ui:ui-tooling-android:1.7.0] AndroidManifest.xml:24:13-71
75            android:exported="true" />
75-->[androidx.compose.ui:ui-tooling-android:1.7.0] AndroidManifest.xml:25:13-36
76        <activity
76-->[androidx.compose.ui:ui-test-manifest:1.7.0] AndroidManifest.xml:23:9-25:39
77            android:name="androidx.activity.ComponentActivity"
77-->[androidx.compose.ui:ui-test-manifest:1.7.0] AndroidManifest.xml:24:13-63
78            android:exported="true" />
78-->[androidx.compose.ui:ui-test-manifest:1.7.0] AndroidManifest.xml:25:13-36
79
80        <provider
80-->[androidx.emoji2:emoji2:1.3.0] AndroidManifest.xml:24:9-32:20
81            android:name="androidx.startup.InitializationProvider"
81-->[androidx.emoji2:emoji2:1.3.0] AndroidManifest.xml:25:13-67
82            android:authorities="com.example.androidWebViewOfflineApplication.androidx-startup"
82-->[androidx.emoji2:emoji2:1.3.0] AndroidManifest.xml:26:13-68
83            android:exported="false" >
83-->[androidx.emoji2:emoji2:1.3.0] AndroidManifest.xml:27:13-37
84            <meta-data
84-->[androidx.emoji2:emoji2:1.3.0] AndroidManifest.xml:29:13-31:52
85                android:name="androidx.emoji2.text.EmojiCompatInitializer"
85-->[androidx.emoji2:emoji2:1.3.0] AndroidManifest.xml:30:17-75
86                android:value="androidx.startup" />
86-->[androidx.emoji2:emoji2:1.3.0] AndroidManifest.xml:31:17-49
87            <meta-data
87-->[androidx.lifecycle:lifecycle-process:2.8.5] AndroidManifest.xml:29:13-31:52
88                android:name="androidx.lifecycle.ProcessLifecycleInitializer"
88-->[androidx.lifecycle:lifecycle-process:2.8.5] AndroidManifest.xml:30:17-78
89                android:value="androidx.startup" />
89-->[androidx.lifecycle:lifecycle-process:2.8.5] AndroidManifest.xml:31:17-49
90            <meta-data
90-->[androidx.profileinstaller:profileinstaller:1.3.1] AndroidManifest.xml:29:13-31:52
91                android:name="androidx.profileinstaller.ProfileInstallerInitializer"
91-->[androidx.profileinstaller:profileinstaller:1.3.1] AndroidManifest.xml:30:17-85
92                android:value="androidx.startup" />
92-->[androidx.profileinstaller:profileinstaller:1.3.1] AndroidManifest.xml:31:17-49
93        </provider>
94
95        <receiver
95-->[androidx.profileinstaller:profileinstaller:1.3.1] AndroidManifest.xml:34:9-52:20
96            android:name="androidx.profileinstaller.ProfileInstallReceiver"
96-->[androidx.profileinstaller:profileinstaller:1.3.1] AndroidManifest.xml:35:13-76
97            android:directBootAware="false"
97-->[androidx.profileinstaller:profileinstaller:1.3.1] AndroidManifest.xml:36:13-44
98            android:enabled="true"
98-->[androidx.profileinstaller:profileinstaller:1.3.1] AndroidManifest.xml:37:13-35
99            android:exported="true"
99-->[androidx.profileinstaller:profileinstaller:1.3.1] AndroidManifest.xml:38:13-36
100            android:permission="android.permission.DUMP" >
100-->[androidx.profileinstaller:profileinstaller:1.3.1] AndroidManifest.xml:39:13-57
101            <intent-filter>
101-->[androidx.profileinstaller:profileinstaller:1.3.1] AndroidManifest.xml:40:13-42:29
102                <action android:name="androidx.profileinstaller.action.INSTALL_PROFILE" />
102-->[androidx.profileinstaller:profileinstaller:1.3.1] AndroidManifest.xml:41:17-91
102-->[androidx.profileinstaller:profileinstaller:1.3.1] AndroidManifest.xml:41:25-88
103            </intent-filter>
104            <intent-filter>
104-->[androidx.profileinstaller:profileinstaller:1.3.1] AndroidManifest.xml:43:13-45:29
105                <action android:name="androidx.profileinstaller.action.SKIP_FILE" />
105-->[androidx.profileinstaller:profileinstaller:1.3.1] AndroidManifest.xml:44:17-85
105-->[androidx.profileinstaller:profileinstaller:1.3.1] AndroidManifest.xml:44:25-82
106            </intent-filter>
107            <intent-filter>
107-->[androidx.profileinstaller:profileinstaller:1.3.1] AndroidManifest.xml:46:13-48:29
108                <action android:name="androidx.profileinstaller.action.SAVE_PROFILE" />
108-->[androidx.profileinstaller:profileinstaller:1.3.1] AndroidManifest.xml:47:17-88
108-->[androidx.profileinstaller:profileinstaller:1.3.1] AndroidManifest.xml:47:25-85
109            </intent-filter>
110            <intent-filter>
110-->[androidx.profileinstaller:profileinstaller:1.3.1] AndroidManifest.xml:49:13-51:29
111                <action android:name="androidx.profileinstaller.action.BENCHMARK_OPERATION" />
111-->[androidx.profileinstaller:profileinstaller:1.3.1] AndroidManifest.xml:50:17-95
111-->[androidx.profileinstaller:profileinstaller:1.3.1] AndroidManifest.xml:50:25-92
112            </intent-filter>
113        </receiver>
114    </application>
115
116</manifest>